20241008	13:22:04	52644c2b-25b3-4b34-b64e-24cd68ed1866	MulterError: Field value too long	POST	/api/brinshCompany/NotesStageSub	undefined
20241008	13:30:45	b630c6e6-9469-4528-9d50-0e5941229b97	MulterError: Field value too long	POST	/api/brinshCompany/NotesStageSub	undefined
20241008	13:34:52	38bd6814-74fc-4973-bacf-e83e32e7eb71	MulterError: Field value too long	POST	/api/brinshCompany/NotesStageSub	undefined
20241008	13:36:17	40df5d8d-e431-4a22-aa64-91f6cc004c31	MulterError: Field value too long	POST	/api/brinshCompany/NotesStageSub	undefined
20241008	13:38:54	5ab4898f-c709-4dd5-9631-9e07052ab6e9	MulterError: Field value too long	POST	/api/brinshCompany/NotesStageSub	undefined
20241008	13:39:49	4ddb8d3d-7afb-4eb9-ad5a-0cdcccd519a7	MulterError: Field value too long	POST	/api/brinshCompany/NotesStageSub	undefined
20241008	13:40:50	cb749d3e-0bde-4ebb-b13d-6f80897e5ca7	MulterError: Field value too long	POST	/api/brinshCompany/NotesStageSub	undefined
20241017	12:36:47	fece447c-7d56-45d7-ba4e-7800f65d8204	MulterError: Unexpected field	POST	/api/brinshCompany/AddfileinFolderinArchivesnew	undefined
20241017	14:08:23	c59531d7-64de-4481-815c-20b1833dce2c	TypeError: Cannot read properties of undefined (reading 'startsWith')	PUT	/api/brinshCompany/DeletProjectwithDependencies?idProject=7	undefined
20241017	14:08:41	00590734-84bb-4ffe-bf9d-0d23c27177a5	TypeError: Cannot read properties of undefined (reading 'startsWith')	PUT	/api/brinshCompany/DeletProjectwithDependencies?idProject=7	undefined
20241017	14:09:29	2fa493a8-9048-4bec-90c2-0f7445e3ce5e	TypeError: Cannot read properties of undefined (reading 'startsWith')	PUT	/api/brinshCompany/DeletProjectwithDependencies?idProject=7	undefined
20241017	14:10:14	9076763f-d977-46eb-8f3c-6018086759aa	TypeError: Cannot read properties of undefined (reading 'startsWith')	PUT	/api/brinshCompany/DeletProjectwithDependencies?idProject=7	undefined
20241103	08:46:20	4a2b280f-44df-4e1a-a241-b1deb01e15a8	TypeError: Cannot read properties of undefined (reading 'startsWith')	DELETE	/api/brinshCompany/DeleteStageHome/1/1	undefined
20241103	08:46:26	960f6ac9-4740-4d05-a2bf-12b8ef9c9f74	TypeError: Cannot read properties of undefined (reading 'startsWith')	DELETE	/api/brinshCompany/DeleteStageHome/1/1	undefined
20241103	08:46:39	b9601623-bbf2-481a-be08-c9fc5819590d	TypeError: Cannot read properties of undefined (reading 'startsWith')	DELETE	/api/brinshCompany/DeleteStageHome/1/1	undefined
20241103	08:47:40	99d9f75d-f90e-4d3c-b710-2abc1aec7ca8	TypeError: Cannot read properties of undefined (reading 'startsWith')	DELETE	/api/brinshCompany/DeleteStageHome/1/1	undefined
20241103	08:47:55	ddac052c-2f76-43ca-978e-1af6636ff76e	TypeError: Cannot read properties of undefined (reading 'startsWith')	DELETE	/api/brinshCompany/DeleteStageHome/1/1	undefined
20241103	08:48:08	af75f593-821d-4751-a25f-b02841e3b4fe	TypeError: Cannot read properties of undefined (reading 'startsWith')	DELETE	/api/brinshCompany/DeleteStageHome/1/1	undefined
20241103	08:48:13	8779e9a9-90b0-418d-b136-80aadc8c3326	TypeError: Cannot read properties of undefined (reading 'startsWith')	DELETE	/api/brinshCompany/DeleteStageHome/1/1	undefined
20241103	08:48:28	bb85b19c-223b-4173-a57d-3f609194b97f	TypeError: Cannot read properties of undefined (reading 'startsWith')	DELETE	/api/brinshCompany/DeleteStageHome/1/1	undefined
20241103	08:50:23	51183ad2-f4de-432c-9ffb-36b0ce0fec04	TypeError: Cannot read properties of undefined (reading 'startsWith')	DELETE	/api/brinshCompany/DeleteStageHome/1/1	undefined
20241103	08:50:49	1c8aafd9-317c-4bfc-9919-ae351686c18c	TypeError: Cannot read properties of undefined (reading 'startsWith')	DELETE	/api/brinshCompany/DeleteStageHome?idProject=?1&StageID=1	undefined
20241103	08:50:55	7d513106-8797-438e-93d7-aae48d065b4a	TypeError: Cannot read properties of undefined (reading 'startsWith')	GET	/api/brinshCompany/DeleteStageHome?idProject=?1&StageID=1	undefined
20241103	08:51:36	385015ed-3ed7-4035-a48c-aafdd31b98a5	TypeError: Cannot read properties of undefined (reading 'startsWith')	GET	/api/brinshCompany/DeleteStageHome?idProject=1&StageID=1	undefined
20241103	08:52:14	64b61c3e-f4c1-459e-b80a-d5dcef02f6ec	TypeError: Cannot read properties of undefined (reading 'startsWith')	GET	/api/brinshCompany/DeleteStageHome?idProject=1&StageID=1	undefined
20241103	08:52:55	4ad22ff9-0785-4fa1-838c-42a45b2ef554	TypeError: Cannot read properties of undefined (reading 'startsWith')	GET	/api/brinshCompany/DeleteStageHome?ProjectID=1&StageID=2	undefined
20241103	08:53:11	0cfa7163-2fa6-4238-b327-1c058b63d1d2	TypeError: Cannot read properties of undefined (reading 'startsWith')	GET	/api/brinshCompany/DeleteStageHome?ProjectID=1&StageID=2	undefined
20241103	08:53:26	4c97f567-9b8e-42d8-b031-47b26ae291f6	TypeError: Cannot read properties of undefined (reading 'startsWith')	GET	/api/brinshCompany/BringStagesub?ProjectID=1&StageID=2	undefined
20241103	08:53:27	15c61186-9fe7-446b-afc4-8b5199b547ae	TypeError: Cannot read properties of undefined (reading 'startsWith')	GET	/api/brinshCompany/BringStagesub?ProjectID=1&StageID=2	undefined
